<?xml version="1.0" encoding="UTF-8"?>
<!-- Generated by org.testng.reporters.JUnitXMLReporter -->
<testsuite ignored="0" hostname="Vipins-MacBook-Air.local" failures="0" tests="4" name="Surefire test" time="6.981" errors="0" timestamp="2024-10-27T15:48:57 IST">
  <testcase classname="api.testcase.UserTest" name="testCreateUser" time="2.226"/>
  <testcase classname="api.testcase.UserTest" name="getUserData" time="1.524"/>
  <testcase classname="api.testcase.UserTest" name="updateUser" time="1.463"/>
  <testcase classname="api.testcase.UserTest" name="deleteUser" time="1.677"/>
</testsuite> <!-- Surefire test -->
