<?xml version="1.0" encoding="UTF-8"?>
<!-- Generated by org.testng.reporters.JUnitXMLReporter -->
<testsuite ignored="0" hostname="Vipins-MacBook-Air.local" failures="0" tests="4" name="Default test" time="10.141" errors="0" timestamp="2024-10-27T14:53:19 IST">
  <testcase classname="api.testcase.UserTest" name="testCreateUser" time="4.83"/>
  <testcase classname="api.testcase.UserTest" name="getUserData" time="1.665"/>
  <testcase classname="api.testcase.UserTest" name="updateUser" time="1.616"/>
  <testcase classname="api.testcase.UserTest" name="deleteUser" time="1.626"/>
</testsuite> <!-- Default test -->
