<?xml version="1.0" encoding="UTF-8"?>
<testsuite xmlns:xsi="http://www.w3.org/2001/XMLSchema-instance" xsi:noNamespaceSchemaLocation="https://maven.apache.org/surefire/maven-surefire-plugin/xsd/surefire-test-report-3.0.xsd" version="3.0" name="api.testcase.UserTest" time="7.43" tests="4" errors="0" skipped="0" failures="0">
  <properties>
[...]
</properties>
  <testcase name="testCreateUser" classname="api.testcase.UserTest" time="2.227">
    <system-out><![CDATA[2024-10-27T10:18:50.701721Z main DEBUG Apache Log4j Core 2.23 initializing configuration XmlConfiguration[location=/Users/vipinyadav/eclipse-workspace/aaapnarestframework/target/test-classes/log4j2.xml]
2024-10-27T10:18:50.702612Z main DEBUG PluginManager 'Core' found 131 plugins
2024-10-27T10:18:50.702706Z main DEBUG PluginManager 'Level' found 0 plugins
2024-10-27T10:18:50.705031Z main DEBUG Building Plugin[name=property, class=org.apache.logging.log4j.core.config.Property].
2024-10-27T10:18:50.712601Z main DEBUG PluginManager 'TypeConverter' found 26 plugins
2024-10-27T10:18:50.715538Z main DEBUG createProperty(name="basePath", value="./logs", Configuration(/Users/vipinyadav/eclipse-workspace/aaapnarestframework/target/test-classes/log4j2.xml))
2024-10-27T10:18:50.716213Z main DEBUG Building Plugin[name=properties, class=org.apache.logging.log4j.core.config.PropertiesPlugin].
2024-10-27T10:18:50.717498Z main DEBUG configureSubstitutor(={basePath=./logs}, Configuration(/Users/vipinyadav/eclipse-workspace/aaapnarestframework/target/test-classes/log4j2.xml))
2024-10-27T10:18:50.717868Z main DEBUG PluginManager 'Lookup' found 16 plugins
2024-10-27T10:18:50.718081Z main DEBUG Building Plugin[name=layout, class=org.apache.logging.log4j.core.layout.PatternLayout].
2024-10-27T10:18:50.724447Z main DEBUG PatternLayout$Builder(pattern="%d{yyyy-MM-dd HH:mm:ss} %-5level %logger{36} - %msg%n", PatternSelector=null, Configuration(/Users/vipinyadav/eclipse-workspace/aaapnarestframework/target/test-classes/log4j2.xml), Replace=null, charset="null", alwaysWriteExceptions="null", disableAnsi="null", noConsoleNoAnsi="null", header="null", footer="null")
2024-10-27T10:18:50.724613Z main DEBUG PluginManager 'Converter' found 45 plugins
2024-10-27T10:18:50.727444Z main DEBUG Building Plugin[name=appender, class=org.apache.logging.log4j.core.appender.ConsoleAppender].
2024-10-27T10:18:50.731534Z main DEBUG ConsoleAppender$Builder(target="SYSTEM_OUT", follow="null", direct="null", bufferedIo="null", bufferSize="null", immediateFlush="null", ignoreExceptions="null", PatternLayout(%d{yyyy-MM-dd HH:mm:ss} %-5level %logger{36} - %msg%n), name="Console", Configuration(/Users/vipinyadav/eclipse-workspace/aaapnarestframework/target/test-classes/log4j2.xml), Filter=null, ={})
2024-10-27T10:18:50.732827Z main DEBUG Starting OutputStreamManager SYSTEM_OUT.false.false
2024-10-27T10:18:50.732924Z main DEBUG Building Plugin[name=layout, class=org.apache.logging.log4j.core.layout.PatternLayout].
2024-10-27T10:18:50.733129Z main DEBUG PatternLayout$Builder(pattern="%d{yyyy-MM-dd HH:mm:ss} %-5level %logger{36} - %msg%n", PatternSelector=null, Configuration(/Users/vipinyadav/eclipse-workspace/aaapnarestframework/target/test-classes/log4j2.xml), Replace=null, charset="null", alwaysWriteExceptions="null", disableAnsi="null", noConsoleNoAnsi="null", header="null", footer="null")
2024-10-27T10:18:50.733396Z main DEBUG Building Plugin[name=appender, class=org.apache.logging.log4j.core.appender.FileAppender].
2024-10-27T10:18:50.734798Z main DEBUG FileAppender$Builder(fileName="./logs/restassured.log", append="true", locking="null", advertise="null", advertiseUri="null", createOnDemand="null", filePermissions="null", fileOwner="null", fileGroup="null", bufferedIo="null", bufferSize="null", immediateFlush="null", ignoreExceptions="null", PatternLayout(%d{yyyy-MM-dd HH:mm:ss} %-5level %logger{36} - %msg%n), name="File", Configuration(/Users/vipinyadav/eclipse-workspace/aaapnarestframework/target/test-classes/log4j2.xml), Filter=null, ={})
2024-10-27T10:18:50.735901Z main DEBUG Starting FileManager ./logs/restassured.log
2024-10-27T10:18:50.736046Z main DEBUG Building Plugin[name=appenders, class=org.apache.logging.log4j.core.config.AppendersPlugin].
2024-10-27T10:18:50.736193Z main DEBUG createAppenders(={Console, File})
2024-10-27T10:18:50.736323Z main DEBUG Building Plugin[name=AppenderRef, class=org.apache.logging.log4j.core.config.AppenderRef].
2024-10-27T10:18:50.737234Z main DEBUG createAppenderRef(ref="Console", level="null", Filter=null)
2024-10-27T10:18:50.737651Z main DEBUG Building Plugin[name=AppenderRef, class=org.apache.logging.log4j.core.config.AppenderRef].
2024-10-27T10:18:50.737826Z main DEBUG createAppenderRef(ref="File", level="null", Filter=null)
2024-10-27T10:18:50.737910Z main DEBUG Building Plugin[name=logger, class=org.apache.logging.log4j.core.config.LoggerConfig].
2024-10-27T10:18:50.739030Z main DEBUG LoggerConfig$Builder(additivity="false", level="DEBUG", levelAndRefs="null", name="io.restassured", includeLocation="null", ={Console, File}, ={}, Configuration(/Users/vipinyadav/eclipse-workspace/aaapnarestframework/target/test-classes/log4j2.xml), Filter=null)
2024-10-27T10:18:50.739690Z main DEBUG Building Plugin[name=AppenderRef, class=org.apache.logging.log4j.core.config.AppenderRef].
2024-10-27T10:18:50.739838Z main DEBUG createAppenderRef(ref="Console", level="null", Filter=null)
2024-10-27T10:18:50.739922Z main DEBUG Building Plugin[name=AppenderRef, class=org.apache.logging.log4j.core.config.AppenderRef].
2024-10-27T10:18:50.740055Z main DEBUG createAppenderRef(ref="File", level="null", Filter=null)
2024-10-27T10:18:50.740126Z main DEBUG Building Plugin[name=root, class=org.apache.logging.log4j.core.config.LoggerConfig$RootLogger].
2024-10-27T10:18:50.741499Z main DEBUG LoggerConfig$RootLogger$Builder(additivity="null", level="INFO", levelAndRefs="null", includeLocation="null", ={Console, File}, ={}, Configuration(/Users/vipinyadav/eclipse-workspace/aaapnarestframework/target/test-classes/log4j2.xml), Filter=null)
2024-10-27T10:18:50.741645Z main DEBUG Building Plugin[name=loggers, class=org.apache.logging.log4j.core.config.LoggersPlugin].
2024-10-27T10:18:50.741905Z main DEBUG createLoggers(={io.restassured, root})
2024-10-27T10:18:50.742622Z main DEBUG Configuration XmlConfiguration[location=/Users/vipinyadav/eclipse-workspace/aaapnarestframework/target/test-classes/log4j2.xml] initialized
2024-10-27T10:18:50.742778Z main DEBUG Starting configuration XmlConfiguration[location=/Users/vipinyadav/eclipse-workspace/aaapnarestframework/target/test-classes/log4j2.xml]
2024-10-27T10:18:50.742880Z main DEBUG Started configuration XmlConfiguration[location=/Users/vipinyadav/eclipse-workspace/aaapnarestframework/target/test-classes/log4j2.xml] OK.
2024-10-27T10:18:50.743094Z main DEBUG Shutting down OutputStreamManager SYSTEM_OUT.false.false-1
2024-10-27T10:18:50.743173Z main DEBUG OutputStream closed
2024-10-27T10:18:50.743240Z main DEBUG Shut down OutputStreamManager SYSTEM_OUT.false.false-1, all resources released: true
2024-10-27T10:18:50.743304Z main DEBUG Appender DefaultConsole-1 stopped with status true
2024-10-27T10:18:50.743384Z main DEBUG Stopped org.apache.logging.log4j.core.config.DefaultConfiguration@5562c41e OK
2024-10-27T10:18:50.797023Z main DEBUG Registering MBean org.apache.logging.log4j2:type=18ff02e4
2024-10-27T10:18:50.797890Z main DEBUG Registering MBean org.apache.logging.log4j2:type=18ff02e4,component=StatusLogger
2024-10-27T10:18:50.798284Z main DEBUG Registering MBean org.apache.logging.log4j2:type=18ff02e4,component=ContextSelector
2024-10-27T10:18:50.798638Z main DEBUG Registering MBean org.apache.logging.log4j2:type=18ff02e4,component=Loggers,name=
2024-10-27T10:18:50.798822Z main DEBUG Registering MBean org.apache.logging.log4j2:type=18ff02e4,component=Loggers,name=io.restassured
2024-10-27T10:18:50.799076Z main DEBUG Registering MBean org.apache.logging.log4j2:type=18ff02e4,component=Appenders,name=Console
2024-10-27T10:18:50.799250Z main DEBUG Registering MBean org.apache.logging.log4j2:type=18ff02e4,component=Appenders,name=File
2024-10-27T10:18:50.799827Z main DEBUG org.apache.logging.log4j.core.util.SystemClock supports precise timestamps.
2024-10-27T10:18:50.799990Z main DEBUG Reconfiguration complete for context[name=18ff02e4] at URI /Users/vipinyadav/eclipse-workspace/aaapnarestframework/target/test-classes/log4j2.xml (org.apache.logging.log4j.core.LoggerContext@52066604) with optional ClassLoader: null
2024-10-27T10:18:50.800075Z main DEBUG Shutdown hook enabled. Registering a new one.
2024-10-27T10:18:50.800405Z main DEBUG LoggerContext[name=18ff02e4, org.apache.logging.log4j.core.LoggerContext@52066604] started OK.
2024-10-27 15:48:50 INFO  api.testcase.UserTest - create API test for endpoint...
HTTP/1.1 200 OK
Date: Sun, 27 Oct 2024 10:18:52 GMT
Content-Type: application/json
Transfer-Encoding: chunked
Connection: keep-alive
Access-Control-Allow-Origin: *
Access-Control-Allow-Methods: GET, POST, DELETE, PUT
Access-Control-Allow-Headers: Content-Type, api_key, Authorization
Server: Jetty(9.2.9.v20150224)

{
    "code": 200,
    "type": "unknown",
    "message": "664091267"
}
2024-10-27 15:48:53 INFO  api.testcase.UserTest - Test completed successfully.
]]></system-out>
    <system-err><![CDATA[SLF4J: Failed to load class "org.slf4j.impl.StaticLoggerBinder".
SLF4J: Defaulting to no-operation (NOP) logger implementation
SLF4J: See http://www.slf4j.org/codes.html#StaticLoggerBinder for further details.
]]></system-err>
  </testcase>
  <testcase name="getUserData" classname="api.testcase.UserTest" time="1.523">
    <system-out><![CDATA[2024-10-27 15:48:53 INFO  api.testcase.UserTest - getuser API test for user get...
HTTP/1.1 200 OK
Date: Sun, 27 Oct 2024 10:18:54 GMT
Content-Type: application/json
Transfer-Encoding: chunked
Connection: keep-alive
Access-Control-Allow-Origin: *
Access-Control-Allow-Methods: GET, POST, DELETE, PUT
Access-Control-Allow-Headers: Content-Type, api_key, Authorization
Server: Jetty(9.2.9.v20150224)

{
    "id": 664091267,
    "username": "john.abshire",
    "firstName": "Faustino",
    "lastName": "Keeling",
    "email": "jeffie.johnson@example.com",
    "password": "2cdbzl3z",
    "phone": "619-904-4577",
    "userStatus": 0
}
2024-10-27 15:48:54 INFO  api.testcase.UserTest - Test completed successfully.......
]]></system-out>
  </testcase>
  <testcase name="updateUser" classname="api.testcase.UserTest" time="1.464">
    <system-out><![CDATA[2024-10-27 15:48:54 INFO  api.testcase.UserTest - updare user API test for 3rd case...
HTTP/1.1 200 OK
Date: Sun, 27 Oct 2024 10:18:55 GMT
Content-Type: application/json
Transfer-Encoding: chunked
Connection: keep-alive
Access-Control-Allow-Origin: *
Access-Control-Allow-Methods: GET, POST, DELETE, PUT
Access-Control-Allow-Headers: Content-Type, api_key, Authorization
Server: Jetty(9.2.9.v20150224)

{
    "code": 200,
    "type": "unknown",
    "message": "664091267"
}
2024-10-27 15:48:56 INFO  api.testcase.UserTest - Test completed successfully.
]]></system-out>
  </testcase>
  <testcase name="deleteUser" classname="api.testcase.UserTest" time="1.678">
    <system-out><![CDATA[2024-10-27 15:48:56 INFO  api.testcase.UserTest - delete user API test for 4th case...
HTTP/1.1 200 OK
Date: Sun, 27 Oct 2024 10:18:57 GMT
Content-Type: application/json
Transfer-Encoding: chunked
Connection: keep-alive
Access-Control-Allow-Origin: *
Access-Control-Allow-Methods: GET, POST, DELETE, PUT
Access-Control-Allow-Headers: Content-Type, api_key, Authorization
Server: Jetty(9.2.9.v20150224)

{
    "code": 200,
    "type": "unknown",
    "message": "john.abshire"
}
2024-10-27 15:48:57 INFO  api.testcase.UserTest - Test completed successfully.
]]></system-out>
  </testcase>
</testsuite>