<?xml version="1.0" encoding="UTF-8"?>
<testng-results ignored="0" total="4" passed="4" failed="0" skipped="0">
  <reporter-output>
  </reporter-output>
  <suite started-at="2024-10-27T15:48:50 IST" name="Surefire suite" finished-at="2024-10-27T15:48:57 IST" duration-ms="6981">
    <groups>
    </groups>
    <test started-at="2024-10-27T15:48:50 IST" name="Surefire test" finished-at="2024-10-27T15:48:57 IST" duration-ms="6981">
      <class name="api.testcase.UserTest">
        <test-method is-config="true" signature="generateTestData()[pri:0, instance:api.testcase.UserTest@3b0c9195]" started-at="2024-10-27T15:48:50 IST" name="generateTestData" finished-at="2024-10-27T15:48:50 IST" duration-ms="73" status="PASS">
          <reporter-output>
          </reporter-output>
        </test-method> <!-- generateTestData -->
        <test-method signature="testCreateUser()[pri:1, instance:api.testcase.UserTest@3b0c9195]" started-at="2024-10-27T15:48:50 IST" name="testCreateUser" finished-at="2024-10-27T15:48:53 IST" duration-ms="2226" status="PASS">
          <reporter-output>
          </reporter-output>
        </test-method> <!-- testCreateUser -->
        <test-method signature="getUserData()[pri:2, instance:api.testcase.UserTest@3b0c9195]" started-at="2024-10-27T15:48:53 IST" name="getUserData" finished-at="2024-10-27T15:48:54 IST" duration-ms="1524" status="PASS">
          <reporter-output>
          </reporter-output>
        </test-method> <!-- getUserData -->
        <test-method signature="updateUser()[pri:3, instance:api.testcase.UserTest@3b0c9195]" started-at="2024-10-27T15:48:54 IST" name="updateUser" finished-at="2024-10-27T15:48:56 IST" duration-ms="1463" status="PASS">
          <reporter-output>
          </reporter-output>
        </test-method> <!-- updateUser -->
        <test-method signature="deleteUser()[pri:4, instance:api.testcase.UserTest@3b0c9195]" started-at="2024-10-27T15:48:56 IST" name="deleteUser" finished-at="2024-10-27T15:48:57 IST" duration-ms="1677" status="PASS">
          <reporter-output>
          </reporter-output>
        </test-method> <!-- deleteUser -->
      </class> <!-- api.testcase.UserTest -->
    </test> <!-- Surefire test -->
  </suite> <!-- Surefire suite -->
</testng-results>
