<?xml version="1.0" encoding="UTF-8"?>
<testng-results ignored="0" total="4" passed="4" failed="0" skipped="0">
  <reporter-output>
  </reporter-output>
  <suite started-at="2024-10-27T15:28:50 IST" name="Suite" finished-at="2024-10-27T15:29:07 IST" duration-ms="17116">
    <groups>
    </groups>
    <test started-at="2024-10-27T15:28:50 IST" name="Test" finished-at="2024-10-27T15:29:07 IST" duration-ms="17116">
      <class name="api.testcase.UserTest1">
        <test-method is-config="true" signature="generateTestData()[pri:0, instance:api.testcase.UserTest1@4cc547a]" started-at="2024-10-27T15:28:50 IST" name="generateTestData" finished-at="2024-10-27T15:28:51 IST" duration-ms="294" status="PASS">
          <reporter-output>
          </reporter-output>
        </test-method> <!-- generateTestData -->
        <test-method signature="testCreateUser()[pri:1, instance:api.testcase.UserTest1@4cc547a]" started-at="2024-10-27T15:28:51 IST" name="testCreateUser" finished-at="2024-10-27T15:29:02 IST" duration-ms="11308" status="PASS">
          <reporter-output>
          </reporter-output>
        </test-method> <!-- testCreateUser -->
        <test-method signature="getUserData()[pri:2, instance:api.testcase.UserTest1@4cc547a]" started-at="2024-10-27T15:29:02 IST" name="getUserData" finished-at="2024-10-27T15:29:04 IST" duration-ms="1949" status="PASS">
          <reporter-output>
          </reporter-output>
        </test-method> <!-- getUserData -->
        <test-method signature="updateUser()[pri:3, instance:api.testcase.UserTest1@4cc547a]" started-at="2024-10-27T15:29:04 IST" name="updateUser" finished-at="2024-10-27T15:29:06 IST" duration-ms="1819" status="PASS">
          <reporter-output>
          </reporter-output>
        </test-method> <!-- updateUser -->
        <test-method signature="deleteUser()[pri:4, instance:api.testcase.UserTest1@4cc547a]" started-at="2024-10-27T15:29:06 IST" name="deleteUser" finished-at="2024-10-27T15:29:07 IST" duration-ms="1630" status="PASS">
          <reporter-output>
          </reporter-output>
        </test-method> <!-- deleteUser -->
      </class> <!-- api.testcase.UserTest1 -->
    </test> <!-- Test -->
  </suite> <!-- Suite -->
</testng-results>
